2022-05-12T18:56:20.496Z [route] warn: GET /favicon.ico
2022-05-12T18:56:21.590Z [route] warn: GET /favicon.ico
2022-05-12T19:04:16.757Z [route] warn: GET /favicon.ico
2022-05-12T19:05:33.126Z [route] warn: GET /favicon.ico
2022-05-12T19:07:09.541Z [route] warn: GET /favicon.ico
2022-05-12T19:08:19.338Z [route] warn: GET /favicon.ico
2022-05-12T19:08:56.563Z [route] warn: GET /favicon.ico
2022-05-12T19:10:50.103Z [route] warn: GET /favicon.ico
2022-05-12T19:35:46.048Z [route] warn: GET /favicon.ico
2022-05-12T19:36:11.443Z [route] warn: GET /favicon.ico
2022-05-12T19:44:00.207Z [route] warn: GET /favicon.ico
2022-05-12T19:44:02.364Z [route] warn: GET /favicon.ico
2022-05-12T19:44:05.608Z [route] warn: GET /favicon.ico
2022-05-12T19:44:23.308Z [route] warn: GET /favicon.ico
2022-05-12T19:50:34.779Z [route] warn: GET /favicon.ico
2022-05-12T19:50:36.934Z [route] warn: GET /favicon.ico
2022-05-12T19:50:39.800Z [route] warn: GET /favicon.ico
2022-05-12T19:54:06.761Z [route] warn: GET /favicon.ico
2022-05-12T19:54:13.712Z [route] warn: GET /favicon.ico
2022-05-12T20:00:36.392Z [route] warn: GET /favicon.ico
2022-05-12T20:00:38.563Z [route] warn: GET /favicon.ico
2022-05-12T20:00:39.599Z [route] warn: GET /favicon.ico
2022-05-12T20:00:49.941Z [route] warn: GET /favicon.ico
2022-05-12T20:21:57.587Z [route] warn: GET /favicon.ico
2022-05-12T20:22:08.274Z [route] warn: GET /favicon.ico
2022-05-12T20:24:48.807Z [route] warn: GET /favicon.ico
2022-05-12T20:26:20.806Z [route] warn: GET /favicon.ico
2022-05-12T20:26:39.474Z [route] warn: GET /favicon.ico
2022-05-12T20:27:54.423Z [route] warn: GET /favicon.ico
2022-05-12T20:30:51.207Z [route] warn: GET /favicon.ico
2022-05-12T20:32:58.380Z [route] warn: GET /favicon.ico
2022-05-12T20:36:06.529Z [route] warn: GET /favicon.ico
2022-05-12T20:40:32.820Z [route] warn: GET /favicon.ico
2022-05-12T20:40:39.893Z [route] warn: GET /favicon.ico
2022-05-12T20:40:50.607Z [route] warn: GET /favicon.ico
2022-05-12T20:44:19.170Z [route] warn: GET /favicon.ico
2022-05-12T20:44:42.974Z [route] warn: GET /favicon.ico
2022-05-12T20:44:45.285Z [route] warn: GET /favicon.ico
2022-05-12T20:44:50.769Z [route] warn: GET /favicon.ico
2022-05-12T20:44:59.973Z [route] warn: GET /favicon.ico
2022-05-12T20:45:23.685Z [route] warn: GET /favicon.ico
2022-05-12T20:47:35.450Z [route] warn: GET /favicon.ico
2022-05-12T20:47:44.913Z [route] warn: GET /favicon.ico
2022-05-12T20:48:24.361Z [route] warn: GET /favicon.ico
2022-05-12T20:48:50.879Z [route] warn: GET /favicon.ico
2022-05-12T20:49:11.504Z [route] warn: GET /favicon.ico
2022-05-12T20:49:16.279Z [route] warn: GET /favicon.ico
2022-05-12T20:49:21.262Z [route] warn: GET /favicon.ico
2022-05-12T20:49:22.569Z [route] warn: GET /favicon.ico
2022-05-12T20:50:14.193Z [route] warn: GET /favicon.ico
2022-05-12T23:29:01.631Z [route] warn: GET /favicon.ico
2022-05-14T14:05:08.885Z [route] warn: GET /favicon.ico
2022-05-14T14:05:17.601Z [route] warn: GET /favicon.ico
2022-05-16T14:59:53.246Z [route] warn: GET /favicon.ico
2022-05-16T14:59:59.919Z [route] warn: GET /favicon.ico
2022-05-16T15:10:37.133Z [route] warn: GET /favicon.ico
2022-05-16T15:10:42.476Z [route] warn: GET /favicon.ico
2022-05-16T15:11:29.367Z [route] warn: GET /favicon.ico
2022-05-16T15:12:15.882Z [route] warn: GET /favicon.ico
2022-05-16T15:12:55.165Z [route] warn: GET /favicon.ico
2022-05-16T15:19:13.134Z [route] warn: GET /favicon.ico
2022-05-16T15:20:33.289Z [route] warn: GET /favicon.ico
2022-05-16T15:20:48.076Z [route] warn: GET /favicon.ico
2022-05-16T15:21:42.741Z [route] warn: GET /favicon.ico
2022-05-16T15:22:11.467Z [route] warn: GET /favicon.ico
2022-05-16T15:22:48.010Z [route] warn: GET /favicon.ico
2022-05-16T15:23:08.828Z [route] warn: GET /favicon.ico
2022-05-16T15:24:17.556Z [route] warn: GET /favicon.ico
2022-05-16T15:27:10.723Z [route] warn: GET /favicon.ico
2022-05-16T15:27:32.960Z [route] warn: GET /favicon.ico
2022-05-16T15:29:49.479Z [route] warn: GET /favicon.ico
2022-05-16T15:30:02.095Z [route] warn: GET /favicon.ico
2022-05-16T15:30:15.729Z [route] warn: GET /favicon.ico
2022-05-16T15:30:32.162Z [route] warn: GET /favicon.ico
2022-05-16T15:32:24.575Z [route] warn: GET /favicon.ico
2022-05-16T15:34:31.699Z [route] warn: GET /favicon.ico
2022-05-16T15:35:00.801Z [route] warn: GET /favicon.ico
2022-05-16T15:35:19.042Z [route] warn: GET /favicon.ico
2022-05-16T15:36:27.963Z [route] warn: GET /favicon.ico
2022-05-16T15:37:43.785Z [route] warn: GET /favicon.ico
2022-05-16T15:38:14.989Z [route] warn: GET /favicon.ico
2022-05-16T15:42:27.833Z [route] warn: GET /favicon.ico
2022-05-16T15:43:11.523Z [route] warn: GET /favicon.ico
2022-05-16T15:45:21.181Z [route] warn: GET /favicon.ico
2022-05-16T15:45:39.922Z [route] warn: GET /favicon.ico
2022-05-16T15:45:58.246Z [route] warn: GET /favicon.ico
2022-05-16T15:46:33.862Z [route] warn: GET /favicon.ico
2022-05-16T15:46:50.960Z [route] warn: GET /favicon.ico
2022-05-16T16:37:25.207Z [route] warn: GET /favicon.ico
2022-05-16T16:38:28.467Z [route] warn: GET /favicon.ico
2022-05-16T16:38:30.792Z [route] warn: GET /favicon.ico
2022-05-16T16:38:36.022Z [route] warn: GET /favicon.ico
2022-05-16T16:59:55.153Z [route] warn: GET /favicon.ico
2022-05-16T16:59:56.535Z [route] warn: GET /favicon.ico
2022-05-16T17:00:11.396Z [route] warn: GET /favicon.ico
2022-05-16T17:38:52.845Z [route] warn: GET /favicon.ico
2022-05-16T17:39:13.108Z [route] warn: GET /favicon.ico
2022-05-16T17:43:12.526Z [route] warn: POST /api/carrito/6282831a9fa0ab90d89268b2/productos
2022-05-16T18:26:39.285Z [route] warn: GET /favicon.ico
2022-05-16T18:26:49.364Z [route] warn: GET /favicon.ico
2022-05-16T18:26:54.461Z [route] warn: GET /favicon.ico
2022-05-16T18:27:03.271Z [route] warn: GET /api/carrito
2022-05-16T18:27:03.599Z [route] warn: GET /favicon.ico
2022-05-16T18:27:09.983Z [route] warn: GET /favicon.ico
2022-05-16T18:27:45.002Z [route] warn: GET /favicon.ico
2022-05-16T18:28:28.919Z [route] warn: GET /favicon.ico
2022-05-16T18:29:57.073Z [route] warn: GET /favicon.ico
2022-05-16T18:30:22.019Z [route] warn: GET /favicon.ico
2022-05-16T18:30:46.646Z [route] warn: GET /favicon.ico
2022-05-16T18:30:47.823Z [route] warn: GET /api/carrito/productos/624735f5bb7a1476af61868b
2022-05-16T18:31:16.951Z [route] warn: GET /api/carrito/productos
2022-05-16T18:31:17.258Z [route] warn: GET /favicon.ico
2022-05-16T18:31:22.202Z [route] warn: GET /favicon.ico
2022-05-16T18:31:27.608Z [route] warn: GET /api/carrito/productos/62473dde1bae9530b9195115
2022-05-16T18:31:32.105Z [route] warn: GET /favicon.ico
2022-05-16T18:31:33.900Z [route] warn: GET /favicon.ico
2022-05-16T18:31:37.196Z [route] warn: GET /api/carrito/productos/62473e381bae9530b9195119
2022-05-16T18:32:10.726Z [route] warn: GET /favicon.ico
2022-05-16T18:32:16.227Z [route] warn: GET /favicon.ico
2022-05-16T18:32:18.290Z [route] warn: GET /api/carrito/productos/6247423083fb11b314390433
2022-05-16T18:32:20.568Z [route] warn: GET /api/carrito/productos/62473ec71bae9530b9195125
2022-05-16T18:32:23.717Z [route] warn: GET /favicon.ico
2022-05-16T18:32:24.698Z [route] warn: GET /favicon.ico
2022-05-16T18:32:25.450Z [route] warn: GET /favicon.ico
2022-05-16T18:33:34.329Z [route] warn: GET /favicon.ico
2022-05-16T18:33:39.365Z [route] warn: GET /favicon.ico
2022-05-16T18:34:13.582Z [route] warn: GET /favicon.ico
2022-05-16T18:39:40.749Z [route] warn: GET /favicon.ico
2022-05-16T18:40:13.030Z [route] warn: GET /favicon.ico
2022-05-16T18:40:38.335Z [route] warn: GET /favicon.ico
2022-05-16T18:40:52.626Z [route] warn: GET /favicon.ico
2022-05-16T18:41:12.614Z [route] warn: GET /favicon.ico
2022-05-16T18:41:19.286Z [route] warn: GET /favicon.ico
2022-05-16T18:41:32.050Z [route] warn: GET /favicon.ico
2022-05-16T18:42:39.124Z [route] warn: GET /favicon.ico
2022-05-16T18:44:29.251Z [route] warn: GET /favicon.ico
2022-05-16T18:46:26.294Z [route] warn: GET /favicon.ico
2022-05-16T18:47:47.253Z [route] warn: GET /favicon.ico
2022-05-16T18:52:16.176Z [route] warn: GET /favicon.ico
2022-05-17T16:40:49.873Z [route] warn: GET /favicon.ico
2022-05-17T16:40:56.829Z [route] warn: GET /favicon.ico
2022-05-17T16:41:05.235Z [route] warn: GET /favicon.ico
2022-05-17T16:43:47.474Z [route] warn: GET /favicon.ico
2022-05-17T16:43:55.665Z [route] warn: GET /favicon.ico
2022-05-17T16:44:09.699Z [route] warn: GET /favicon.ico
2022-05-17T16:45:02.674Z [route] warn: GET /favicon.ico
2022-05-17T16:45:05.819Z [route] warn: GET /favicon.ico
2022-05-17T16:45:29.571Z [route] warn: GET /favicon.ico
2022-05-17T16:45:33.991Z [route] warn: GET /favicon.ico
2022-05-17T16:45:36.743Z [route] warn: GET /favicon.ico
2022-05-17T16:45:39.169Z [route] warn: GET /favicon.ico
2022-05-17T16:45:42.447Z [route] warn: GET /favicon.ico
2022-05-17T16:45:47.693Z [route] warn: GET /favicon.ico
2022-05-17T16:45:50.051Z [route] warn: GET /favicon.ico
2022-05-17T16:52:56.579Z [route] warn: GET /favicon.ico
2022-05-17T16:54:04.929Z [route] warn: GET /favicon.ico
2022-05-17T16:54:07.567Z [route] warn: GET /favicon.ico
2022-05-17T16:57:02.069Z [route] warn: GET /favicon.ico
2022-05-17T16:57:21.814Z [route] warn: GET /favicon.ico
2022-05-17T16:57:24.161Z [route] warn: GET /favicon.ico
2022-05-17T16:57:40.927Z [route] warn: GET /favicon.ico
2022-05-17T16:57:48.669Z [route] warn: GET /favicon.ico
2022-05-17T16:59:19.148Z [route] warn: GET /favicon.ico
2022-05-17T16:59:23.188Z [route] warn: GET /favicon.ico
2022-05-17T17:01:32.045Z [route] warn: GET /favicon.ico
2022-05-17T17:01:36.964Z [route] warn: GET /favicon.ico
2022-05-17T17:02:01.887Z [route] warn: GET /favicon.ico
2022-05-17T17:02:05.467Z [route] warn: GET /favicon.ico
2022-05-17T17:02:12.024Z [route] warn: GET /favicon.ico
2022-05-17T17:02:13.577Z [route] warn: GET /favicon.ico
2022-05-17T17:02:16.615Z [route] warn: GET /favicon.ico
2022-05-17T17:03:18.486Z [route] warn: GET /favicon.ico
2022-05-17T17:03:36.410Z [route] warn: GET /favicon.ico
2022-05-17T17:06:05.671Z [route] warn: GET /favicon.ico
2022-05-17T17:06:08.266Z [route] warn: GET /favicon.ico
2022-05-17T17:06:09.999Z [route] warn: GET /favicon.ico
2022-05-17T17:06:18.009Z [route] warn: GET /favicon.ico
2022-05-17T17:06:20.935Z [route] warn: GET /favicon.ico
2022-05-17T17:06:24.059Z [route] warn: GET /favicon.ico
2022-05-17T17:06:26.861Z [route] warn: GET /favicon.ico
2022-05-17T17:06:28.292Z [route] warn: GET /favicon.ico
2022-05-17T17:10:02.545Z [route] warn: GET /favicon.ico
2022-05-17T17:10:12.182Z [route] warn: GET /favicon.ico
2022-05-17T17:10:44.223Z [route] warn: GET /favicon.ico
2022-05-17T17:11:24.705Z [route] warn: GET /favicon.ico
2022-05-17T17:11:59.704Z [route] warn: GET /favicon.ico
2022-05-17T17:14:15.974Z [route] warn: GET /favicon.ico
2022-05-17T17:14:52.634Z [route] warn: GET /favicon.ico
2022-05-17T17:15:58.992Z [route] warn: GET /favicon.ico
2022-05-17T17:17:00.027Z [route] warn: GET /favicon.ico
2022-05-17T17:17:17.245Z [route] warn: GET /favicon.ico
2022-05-17T17:17:41.954Z [route] warn: GET /favicon.ico
2022-05-17T17:17:51.057Z [route] warn: GET /favicon.ico
2022-05-17T17:18:04.744Z [route] warn: GET /favicon.ico
2022-05-17T17:19:12.407Z [route] warn: GET /favicon.ico
2022-05-17T17:20:24.418Z [route] warn: GET /favicon.ico
2022-05-17T17:22:13.261Z [route] warn: GET /favicon.ico
2022-05-17T17:33:41.917Z [route] warn: GET /favicon.ico
2022-05-17T17:33:46.211Z [route] warn: GET /favicon.ico
2022-05-17T17:34:29.028Z [route] warn: GET /favicon.ico
2022-05-17T17:42:16.514Z [route] warn: GET /favicon.ico
2022-05-17T17:42:17.813Z [route] warn: GET /favicon.ico
2022-05-17T17:42:20.510Z [route] warn: GET /favicon.ico
2022-05-17T17:42:21.740Z [route] warn: GET /favicon.ico
2022-05-17T17:42:24.464Z [route] warn: GET /favicon.ico
2022-05-17T17:42:27.016Z [route] warn: GET /favicon.ico
2022-05-17T17:48:47.425Z [route] warn: GET /favicon.ico
2022-05-17T17:49:22.123Z [route] warn: GET /favicon.ico
2022-05-17T17:49:24.046Z [route] warn: GET /images/avatar/undefined
2022-05-17T17:49:24.227Z [route] warn: GET /favicon.ico
2022-05-17T17:50:38.236Z [route] warn: GET /images/avatar/avatar-1652720410680.png
2022-05-17T17:50:38.447Z [route] warn: GET /favicon.ico
2022-05-17T17:50:47.780Z [route] warn: GET /images/avatar/avatar-1652720410680.png
2022-05-17T17:50:48.026Z [route] warn: GET /favicon.ico
2022-05-17T17:51:09.194Z [route] warn: GET /images/avatar/avatar-1652720410680.png
2022-05-17T17:51:09.390Z [route] warn: GET /favicon.ico
2022-05-17T17:51:13.259Z [route] warn: GET /favicon.ico
2022-05-17T17:51:17.259Z [route] warn: GET /favicon.ico
2022-05-17T17:51:43.040Z [route] warn: GET /favicon.ico
2022-05-17T17:52:33.152Z [route] warn: GET /favicon.ico
2022-05-17T17:52:39.362Z [route] warn: GET /favicon.ico
2022-05-17T17:53:49.987Z [route] warn: GET /favicon.ico
2022-05-17T17:54:15.786Z [route] warn: GET /favicon.ico
2022-05-17T17:54:24.224Z [route] warn: GET /favicon.ico
2022-05-17T17:54:33.883Z [route] warn: GET /favicon.ico
2022-05-17T17:56:14.314Z [route] warn: GET /favicon.ico
2022-05-17T17:56:16.635Z [route] warn: GET /favicon.ico
2022-05-17T17:56:20.547Z [route] warn: GET /favicon.ico
2022-05-17T17:56:25.741Z [route] warn: GET /favicon.ico
2022-05-17T17:56:27.650Z [route] warn: GET /favicon.ico
2022-05-17T17:56:31.254Z [route] warn: GET /favicon.ico
2022-05-17T17:57:52.086Z [route] warn: GET /favicon.ico
2022-05-17T17:57:53.879Z [route] warn: GET /favicon.ico
2022-05-17T17:57:56.694Z [route] warn: GET /favicon.ico
2022-05-17T17:57:58.392Z [route] warn: GET /favicon.ico
2022-05-17T17:58:23.824Z [route] warn: GET /favicon.ico
2022-05-17T17:58:24.694Z [route] warn: GET /favicon.ico
2022-05-17T18:23:42.039Z [route] warn: GET /favicon.ico
2022-05-17T18:23:47.466Z [route] warn: GET /favicon.ico
2022-05-17T18:23:52.651Z [route] warn: GET /favicon.ico
2022-05-17T18:25:37.701Z [route] warn: GET /favicon.ico
2022-05-17T18:25:39.193Z [route] warn: GET /favicon.ico
2022-05-17T18:42:40.820Z [route] warn: GET /mail-test
2022-05-17T18:42:40.996Z [route] warn: GET /favicon.ico
2022-05-17T18:43:26.015Z [route] warn: GET /mail
2022-05-17T18:43:26.105Z [route] warn: GET /favicon.ico
2022-05-17T18:43:27.977Z [route] warn: GET /mail
2022-05-17T18:43:28.059Z [route] warn: GET /favicon.ico
2022-05-17T18:43:32.686Z [route] warn: GET /mail
2022-05-17T18:43:32.754Z [route] warn: GET /favicon.ico
2022-05-17T18:43:34.049Z [route] warn: GET /mail
2022-05-17T18:43:34.114Z [route] warn: GET /favicon.ico
2022-05-17T18:43:34.706Z [route] warn: GET /mail
2022-05-17T18:43:34.771Z [route] warn: GET /favicon.ico
2022-05-17T18:44:43.239Z [route] warn: GET /favicon.ico
2022-05-17T18:54:36.022Z [route] warn: GET /favicon.ico
2022-05-17T19:18:07.624Z [route] warn: GET /favicon.ico
2022-05-17T19:27:55.106Z [route] warn: GET /favicon.ico
2022-05-17T19:27:59.093Z [route] warn: GET /favicon.ico
2022-05-17T19:28:02.495Z [route] warn: GET /favicon.ico
2022-05-17T19:32:45.745Z [route] warn: GET /favicon.ico
2022-05-17T19:33:43.132Z [route] warn: GET /cart.js
2022-05-17T19:33:43.318Z [route] warn: GET /favicon.ico
2022-05-17T19:41:56.300Z [route] warn: GET /cart.js
2022-05-17T19:41:56.831Z [route] warn: GET /favicon.ico
2022-05-17T19:42:40.164Z [route] warn: GET /favicon.ico
2022-05-17T19:57:12.275Z [route] warn: GET /favicon.ico
2022-05-17T19:57:19.845Z [route] warn: GET /favicon.ico
2022-05-17T19:57:22.827Z [route] warn: GET /favicon.ico
2022-05-17T20:00:12.305Z [route] warn: GET /favicon.ico
2022-05-17T20:05:55.023Z [route] warn: GET /favicon.ico
2022-05-17T20:06:37.928Z [route] warn: GET /favicon.ico
2022-05-17T20:06:44.402Z [route] warn: GET /favicon.ico
2022-05-17T20:06:53.465Z [route] warn: GET /favicon.ico
2022-05-17T20:06:55.961Z [route] warn: GET /favicon.ico
2022-05-17T20:07:00.121Z [route] warn: GET /favicon.ico
2022-05-17T20:07:02.986Z [route] warn: GET /favicon.ico
2022-05-17T20:11:16.513Z [route] warn: GET /favicon.ico
2022-05-17T20:11:19.379Z [route] warn: GET /favicon.ico
2022-05-17T20:11:22.179Z [route] warn: GET /favicon.ico
2022-05-17T20:11:22.981Z [route] warn: GET /favicon.ico
2022-05-17T20:11:26.326Z [route] warn: GET /favicon.ico
2022-05-17T20:12:02.292Z [route] warn: GET /favicon.ico
2022-05-17T20:13:00.540Z [route] warn: GET /favicon.ico
2022-05-17T20:13:03.609Z [route] warn: GET /favicon.ico
2022-05-17T20:13:05.078Z [route] warn: GET /favicon.ico
2022-05-17T20:13:07.713Z [route] warn: GET /favicon.ico
2022-05-17T20:13:45.076Z [route] warn: GET /favicon.ico
2022-05-17T20:13:46.673Z [route] warn: GET /favicon.ico
2022-05-17T20:13:48.359Z [route] warn: GET /favicon.ico
2022-05-17T20:13:50.520Z [route] warn: GET /favicon.ico
2022-05-17T20:14:45.134Z [route] warn: GET /favicon.ico
2022-05-17T20:14:47.366Z [route] warn: GET /favicon.ico
2022-05-17T20:14:49.960Z [route] warn: GET /favicon.ico
2022-05-17T20:14:53.743Z [route] warn: GET /favicon.ico
2022-05-17T20:14:59.813Z [route] warn: GET /favicon.ico
2022-05-17T20:16:37.900Z [route] warn: GET /favicon.ico
2022-05-17T20:27:42.123Z [route] warn: GET /favicon.ico
2022-05-17T20:30:55.075Z [route] warn: GET /favicon.ico
2022-05-17T20:30:59.894Z [route] warn: GET /favicon.ico
2022-05-17T20:31:06.323Z [route] warn: GET /favicon.ico
2022-05-18T15:29:31.580Z [route] warn: GET /favicon.ico
2022-05-18T15:29:49.605Z [route] warn: GET /favicon.ico
2022-05-18T15:30:31.985Z [route] warn: GET /favicon.ico
2022-05-18T15:30:41.792Z [route] warn: GET /favicon.ico
2022-05-18T15:30:43.120Z [route] warn: GET /favicon.ico
2022-05-18T15:31:37.783Z [route] warn: GET /favicon.ico
2022-05-18T15:32:51.389Z [route] warn: GET /favicon.ico
2022-05-18T15:32:56.215Z [route] warn: GET /favicon.ico
2022-05-18T15:33:01.331Z [route] warn: GET /favicon.ico
2022-05-18T15:33:02.746Z [route] warn: GET /favicon.ico
2022-05-18T15:38:50.727Z [route] warn: GET /favicon.ico
2022-05-18T15:39:12.130Z [route] warn: GET /favicon.ico
2022-05-18T15:40:07.659Z [route] warn: GET /favicon.ico
2022-05-18T15:42:59.052Z [route] warn: GET /favicon.ico
2022-05-18T15:43:06.875Z [route] warn: GET /favicon.ico
2022-05-18T15:43:13.552Z [route] warn: GET /favicon.ico
2022-05-18T15:43:42.174Z [route] warn: GET /favicon.ico
2022-05-18T15:44:47.237Z [route] warn: GET /favicon.ico
2022-05-18T15:45:07.596Z [route] warn: GET /favicon.ico
2022-05-18T15:45:45.888Z [route] warn: GET /favicon.ico
2022-05-18T15:47:19.942Z [route] warn: GET /favicon.ico
2022-05-18T15:47:45.909Z [route] warn: GET /favicon.ico
2022-05-18T15:47:47.560Z [route] warn: GET /favicon.ico
2022-05-18T15:47:49.520Z [route] warn: GET /favicon.ico
2022-05-18T15:47:50.804Z [route] warn: GET /favicon.ico
2022-05-18T15:48:05.409Z [route] warn: GET /favicon.ico
2022-05-18T15:48:13.980Z [route] warn: GET /favicon.ico
2022-05-18T15:48:15.957Z [route] warn: GET /favicon.ico
2022-05-18T15:48:17.689Z [route] warn: GET /favicon.ico
2022-05-18T15:48:24.855Z [route] warn: GET /favicon.ico
2022-05-18T17:51:06.819Z [route] warn: GET /favicon.ico
2022-05-18T17:51:17.156Z [route] warn: GET /favicon.ico
2022-05-18T17:51:19.957Z [route] warn: GET /favicon.ico
2022-05-18T18:12:42.169Z [route] warn: GET /favicon.ico
2022-05-18T18:12:45.805Z [route] warn: GET /favicon.ico
2022-05-18T18:12:48.336Z [route] warn: GET /favicon.ico
2022-05-18T18:12:49.312Z [route] warn: GET /favicon.ico
2022-05-18T18:13:33.184Z [route] warn: GET /favicon.ico
2022-05-18T18:13:34.723Z [route] warn: GET /favicon.ico
2022-05-18T18:13:39.777Z [route] warn: GET /favicon.ico
2022-05-18T18:14:15.998Z [route] warn: GET /favicon.ico
2022-05-18T18:14:17.411Z [route] warn: GET /favicon.ico
2022-05-18T18:36:30.834Z [route] warn: GET /favicon.ico
2022-05-18T18:36:32.478Z [route] warn: GET /favicon.ico
2022-05-18T18:37:09.970Z [route] warn: GET /favicon.ico
2022-05-18T18:37:48.912Z [route] warn: GET /favicon.ico
2022-05-18T18:37:50.824Z [route] warn: GET /favicon.ico
2022-05-18T18:38:00.320Z [route] warn: GET /favicon.ico
2022-05-18T18:38:01.987Z [route] warn: GET /favicon.ico
2022-05-18T18:43:11.666Z [route] warn: GET /favicon.ico
2022-05-18T18:43:13.621Z [route] warn: GET /favicon.ico
2022-05-18T18:43:19.275Z [route] warn: GET /favicon.ico
2022-05-18T18:43:26.906Z [route] warn: GET /favicon.ico
2022-05-18T18:44:47.670Z [route] warn: GET /favicon.ico
2022-05-18T18:44:49.341Z [route] warn: GET /favicon.ico
2022-05-18T18:44:54.277Z [route] warn: GET /favicon.ico
2022-05-18T18:56:34.159Z [route] warn: GET /productos
2022-05-18T18:56:34.304Z [route] warn: GET /favicon.ico
